<?xml version="1.0" encoding="UTF-8"?>
<!-- Generated by org.testng.reporters.JUnitReportReporter -->
<testsuite hostname="testkwshibb1.nerc.ac.uk" name="uk.ac.cardiff.raptormua.engine.MUAEngineTest" tests="1" failures="0" timestamp="29 Nov 2011 15:37:53 GMT" time="0.183" errors="0">
  <testcase name="addSingleEventTest" time="0.183" classname="uk.ac.cardiff.raptormua.engine.MUAEngineTest"/>
</testsuite>
