<?xml version="1.0" encoding="UTF-8" ?>
<testsuite failures="0" time="0.015" errors="0" skipped="0" tests="1" name="main.uk.ac.cf.wsinterface.WSInterfaceTest">
  <properties>
    <property name="java.runtime.name" value="Java(TM) SE Runtime Environment"/>
    <property name="sun.boot.library.path" value="/System/Library/Frameworks/JavaVM.framework/Versions/1.6.0/Libraries"/>
    <property name="java.vm.version" value="14.3-b01-101"/>
    <property name="awt.nativeDoubleBuffering" value="true"/>
    <property name="gopherProxySet" value="false"/>
    <property name="mrj.build" value="10M3025"/>
    <property name="java.vm.vendor" value="Apple Inc."/>
    <property name="java.vendor.url" value="http://www.apple.com/"/>
    <property name="path.separator" value=":"/>
    <property name="java.vm.name" value="Java HotSpot(TM) 64-Bit Server VM"/>
    <property name="file.encoding.pkg" value="sun.io"/>
    <property name="user.country" value="US"/>
    <property name="sun.java.launcher" value="SUN_STANDARD"/>
    <property name="sun.os.patch.level" value="unknown"/>
    <property name="java.vm.specification.name" value="Java Virtual Machine Specification"/>
    <property name="user.dir" value="/Users/philsmart/Documents/Java/RaptorWorkspace/ICA"/>
    <property name="java.runtime.version" value="1.6.0_17-b04-248-10M3025"/>
    <property name="java.awt.graphicsenv" value="apple.awt.CGraphicsEnvironment"/>
    <property name="basedir" value="/Users/philsmart/Documents/Java/RaptorWorkspace/ICA"/>
    <property name="java.endorsed.dirs" value="/System/Library/Frameworks/JavaVM.framework/Versions/1.6.0/Home/lib/endorsed"/>
    <property name="os.arch" value="x86_64"/>
    <property name="surefire.real.class.path" value="/var/folders/5J/5JHuPtN9H1iI+pesE5Bf+E+++TI/-Tmp-/surefirebooter1956331893967953233.jar"/>
    <property name="java.io.tmpdir" value="/var/folders/5J/5JHuPtN9H1iI+pesE5Bf+E+++TI/-Tmp-/"/>
    <property name="line.separator" value="
"/>
    <property name="java.vm.specification.vendor" value="Sun Microsystems Inc."/>
    <property name="os.name" value="Mac OS X"/>
    <property name="sun.jnu.encoding" value="MacRoman"/>
    <property name="java.library.path" value=".:/Library/Java/Extensions:/System/Library/Java/Extensions:/usr/lib/java"/>
    <property name="surefire.test.class.path" value="/Users/philsmart/Documents/Java/RaptorWorkspace/ICA/target/test-classes:/Users/philsmart/Documents/Java/RaptorWorkspace/ICA/target/classes:/Users/philsmart/.m2/repository/org/apache/cxf/cxf-rt-frontend-jaxws/2.2.7/cxf-rt-frontend-jaxws-2.2.7.jar:/Users/philsmart/.m2/repository/xml-resolver/xml-resolver/1.2/xml-resolver-1.2.jar:/Users/philsmart/.m2/repository/org/apache/geronimo/specs/geronimo-jaxws_2.1_spec/1.0/geronimo-jaxws_2.1_spec-1.0.jar:/Users/philsmart/.m2/repository/org/apache/geronimo/specs/geronimo-activation_1.1_spec/1.0.2/geronimo-activation_1.1_spec-1.0.2.jar:/Users/philsmart/.m2/repository/org/apache/geronimo/specs/geronimo-ws-metadata_2.0_spec/1.1.2/geronimo-ws-metadata_2.0_spec-1.1.2.jar:/Users/philsmart/.m2/repository/asm/asm/2.2.3/asm-2.2.3.jar:/Users/philsmart/.m2/repository/org/apache/cxf/cxf-api/2.2.7/cxf-api-2.2.7.jar:/Users/philsmart/.m2/repository/org/apache/cxf/cxf-common-utilities/2.2.7/cxf-common-utilities-2.2.7.jar:/Users/philsmart/.m2/repository/org/springframework/spring-core/2.5.6/spring-core-2.5.6.jar:/Users/philsmart/.m2/repository/commons-logging/commons-logging/1.1.1/commons-logging-1.1.1.jar:/Users/philsmart/.m2/repository/org/springframework/spring-beans/2.5.6/spring-beans-2.5.6.jar:/Users/philsmart/.m2/repository/org/springframework/spring-context/2.5.6/spring-context-2.5.6.jar:/Users/philsmart/.m2/repository/aopalliance/aopalliance/1.0/aopalliance-1.0.jar:/Users/philsmart/.m2/repository/org/apache/geronimo/specs/geronimo-annotation_1.0_spec/1.1.1/geronimo-annotation_1.0_spec-1.1.1.jar:/Users/philsmart/.m2/repository/javax/xml/bind/jaxb-api/2.1/jaxb-api-2.1.jar:/Users/philsmart/.m2/repository/org/apache/geronimo/specs/geronimo-stax-api_1.0_spec/1.0.1/geronimo-stax-api_1.0_spec-1.0.1.jar:/Users/philsmart/.m2/repository/wsdl4j/wsdl4j/1.6.2/wsdl4j-1.6.2.jar:/Users/philsmart/.m2/repository/org/apache/ws/commons/schema/XmlSchema/1.4.5/XmlSchema-1.4.5.jar:/Users/philsmart/.m2/repository/commons-lang/commons-lang/2.4/commons-lang-2.4.jar:/Users/philsmart/.m2/repository/org/codehaus/woodstox/wstx-asl/3.2.9/wstx-asl-3.2.9.jar:/Users/philsmart/.m2/repository/org/apache/neethi/neethi/2.0.4/neethi-2.0.4.jar:/Users/philsmart/.m2/repository/org/apache/cxf/cxf-common-schemas/2.2.7/cxf-common-schemas-2.2.7.jar:/Users/philsmart/.m2/repository/org/apache/cxf/cxf-rt-core/2.2.7/cxf-rt-core-2.2.7.jar:/Users/philsmart/.m2/repository/com/sun/xml/bind/jaxb-impl/2.1.12/jaxb-impl-2.1.12.jar:/Users/philsmart/.m2/repository/org/apache/geronimo/specs/geronimo-javamail_1.4_spec/1.6/geronimo-javamail_1.4_spec-1.6.jar:/Users/philsmart/.m2/repository/org/apache/cxf/cxf-rt-bindings-soap/2.2.7/cxf-rt-bindings-soap-2.2.7.jar:/Users/philsmart/.m2/repository/org/apache/cxf/cxf-tools-common/2.2.7/cxf-tools-common-2.2.7.jar:/Users/philsmart/.m2/repository/javax/xml/soap/saaj-api/1.3/saaj-api-1.3.jar:/Users/philsmart/.m2/repository/org/apache/cxf/cxf-rt-databinding-jaxb/2.2.7/cxf-rt-databinding-jaxb-2.2.7.jar:/Users/philsmart/.m2/repository/org/apache/cxf/cxf-rt-bindings-xml/2.2.7/cxf-rt-bindings-xml-2.2.7.jar:/Users/philsmart/.m2/repository/org/apache/cxf/cxf-rt-frontend-simple/2.2.7/cxf-rt-frontend-simple-2.2.7.jar:/Users/philsmart/.m2/repository/org/apache/cxf/cxf-rt-ws-addr/2.2.7/cxf-rt-ws-addr-2.2.7.jar:/Users/philsmart/.m2/repository/com/sun/xml/messaging/saaj/saaj-impl/1.3.2/saaj-impl-1.3.2.jar:/Users/philsmart/.m2/repository/org/apache/cxf/cxf-rt-transports-http/2.2.7/cxf-rt-transports-http-2.2.7.jar:/Users/philsmart/.m2/repository/org/springframework/spring-web/2.5.6/spring-web-2.5.6.jar:/Users/philsmart/.m2/repository/log4j/log4j/1.2.14/log4j-1.2.14.jar:/Users/philsmart/.m2/repository/junit/junit/4.8.1/junit-4.8.1.jar:"/>
    <property name="java.specification.name" value="Java Platform API Specification"/>
    <property name="java.class.version" value="50.0"/>
    <property name="sun.management.compiler" value="HotSpot 64-Bit Server Compiler"/>
    <property name="os.version" value="10.6.3"/>
    <property name="http.nonProxyHosts" value="local|*.local|169.254/16|*.169.254/16"/>
    <property name="user.home" value="/Users/philsmart"/>
    <property name="user.timezone" value=""/>
    <property name="java.awt.printerjob" value="apple.awt.CPrinterJob"/>
    <property name="java.specification.version" value="1.6"/>
    <property name="file.encoding" value="MacRoman"/>
    <property name="user.name" value="philsmart"/>
    <property name="java.class.path" value="/Users/philsmart/Documents/Java/RaptorWorkspace/ICA/target/test-classes:/Users/philsmart/Documents/Java/RaptorWorkspace/ICA/target/classes:/Users/philsmart/.m2/repository/org/apache/cxf/cxf-rt-frontend-jaxws/2.2.7/cxf-rt-frontend-jaxws-2.2.7.jar:/Users/philsmart/.m2/repository/xml-resolver/xml-resolver/1.2/xml-resolver-1.2.jar:/Users/philsmart/.m2/repository/org/apache/geronimo/specs/geronimo-jaxws_2.1_spec/1.0/geronimo-jaxws_2.1_spec-1.0.jar:/Users/philsmart/.m2/repository/org/apache/geronimo/specs/geronimo-activation_1.1_spec/1.0.2/geronimo-activation_1.1_spec-1.0.2.jar:/Users/philsmart/.m2/repository/org/apache/geronimo/specs/geronimo-ws-metadata_2.0_spec/1.1.2/geronimo-ws-metadata_2.0_spec-1.1.2.jar:/Users/philsmart/.m2/repository/asm/asm/2.2.3/asm-2.2.3.jar:/Users/philsmart/.m2/repository/org/apache/cxf/cxf-api/2.2.7/cxf-api-2.2.7.jar:/Users/philsmart/.m2/repository/org/apache/cxf/cxf-common-utilities/2.2.7/cxf-common-utilities-2.2.7.jar:/Users/philsmart/.m2/repository/org/springframework/spring-core/2.5.6/spring-core-2.5.6.jar:/Users/philsmart/.m2/repository/commons-logging/commons-logging/1.1.1/commons-logging-1.1.1.jar:/Users/philsmart/.m2/repository/org/springframework/spring-beans/2.5.6/spring-beans-2.5.6.jar:/Users/philsmart/.m2/repository/org/springframework/spring-context/2.5.6/spring-context-2.5.6.jar:/Users/philsmart/.m2/repository/aopalliance/aopalliance/1.0/aopalliance-1.0.jar:/Users/philsmart/.m2/repository/org/apache/geronimo/specs/geronimo-annotation_1.0_spec/1.1.1/geronimo-annotation_1.0_spec-1.1.1.jar:/Users/philsmart/.m2/repository/javax/xml/bind/jaxb-api/2.1/jaxb-api-2.1.jar:/Users/philsmart/.m2/repository/org/apache/geronimo/specs/geronimo-stax-api_1.0_spec/1.0.1/geronimo-stax-api_1.0_spec-1.0.1.jar:/Users/philsmart/.m2/repository/wsdl4j/wsdl4j/1.6.2/wsdl4j-1.6.2.jar:/Users/philsmart/.m2/repository/org/apache/ws/commons/schema/XmlSchema/1.4.5/XmlSchema-1.4.5.jar:/Users/philsmart/.m2/repository/commons-lang/commons-lang/2.4/commons-lang-2.4.jar:/Users/philsmart/.m2/repository/org/codehaus/woodstox/wstx-asl/3.2.9/wstx-asl-3.2.9.jar:/Users/philsmart/.m2/repository/org/apache/neethi/neethi/2.0.4/neethi-2.0.4.jar:/Users/philsmart/.m2/repository/org/apache/cxf/cxf-common-schemas/2.2.7/cxf-common-schemas-2.2.7.jar:/Users/philsmart/.m2/repository/org/apache/cxf/cxf-rt-core/2.2.7/cxf-rt-core-2.2.7.jar:/Users/philsmart/.m2/repository/com/sun/xml/bind/jaxb-impl/2.1.12/jaxb-impl-2.1.12.jar:/Users/philsmart/.m2/repository/org/apache/geronimo/specs/geronimo-javamail_1.4_spec/1.6/geronimo-javamail_1.4_spec-1.6.jar:/Users/philsmart/.m2/repository/org/apache/cxf/cxf-rt-bindings-soap/2.2.7/cxf-rt-bindings-soap-2.2.7.jar:/Users/philsmart/.m2/repository/org/apache/cxf/cxf-tools-common/2.2.7/cxf-tools-common-2.2.7.jar:/Users/philsmart/.m2/repository/javax/xml/soap/saaj-api/1.3/saaj-api-1.3.jar:/Users/philsmart/.m2/repository/org/apache/cxf/cxf-rt-databinding-jaxb/2.2.7/cxf-rt-databinding-jaxb-2.2.7.jar:/Users/philsmart/.m2/repository/org/apache/cxf/cxf-rt-bindings-xml/2.2.7/cxf-rt-bindings-xml-2.2.7.jar:/Users/philsmart/.m2/repository/org/apache/cxf/cxf-rt-frontend-simple/2.2.7/cxf-rt-frontend-simple-2.2.7.jar:/Users/philsmart/.m2/repository/org/apache/cxf/cxf-rt-ws-addr/2.2.7/cxf-rt-ws-addr-2.2.7.jar:/Users/philsmart/.m2/repository/com/sun/xml/messaging/saaj/saaj-impl/1.3.2/saaj-impl-1.3.2.jar:/Users/philsmart/.m2/repository/org/apache/cxf/cxf-rt-transports-http/2.2.7/cxf-rt-transports-http-2.2.7.jar:/Users/philsmart/.m2/repository/org/springframework/spring-web/2.5.6/spring-web-2.5.6.jar:/Users/philsmart/.m2/repository/log4j/log4j/1.2.14/log4j-1.2.14.jar:/Users/philsmart/.m2/repository/junit/junit/4.8.1/junit-4.8.1.jar:"/>
    <property name="java.vm.specification.version" value="1.0"/>
    <property name="sun.arch.data.model" value="64"/>
    <property name="java.home" value="/System/Library/Frameworks/JavaVM.framework/Versions/1.6.0/Home"/>
    <property name="java.specification.vendor" value="Sun Microsystems Inc."/>
    <property name="user.language" value="en"/>
    <property name="awt.toolkit" value="apple.awt.CToolkit"/>
    <property name="java.vm.info" value="mixed mode"/>
    <property name="java.version" value="1.6.0_17"/>
    <property name="java.ext.dirs" value="/Library/Java/Extensions:/System/Library/Java/Extensions:/System/Library/Frameworks/JavaVM.framework/Versions/1.6.0/Home/lib/ext"/>
    <property name="sun.boot.class.path" value="/System/Library/Frameworks/JavaVM.framework/Versions/1.6.0/Classes/jsfd.jar:/System/Library/Frameworks/JavaVM.framework/Versions/1.6.0/Classes/classes.jar:/System/Library/Frameworks/JavaVM.framework/Frameworks/JavaRuntimeSupport.framework/Resources/Java/JavaRuntimeSupport.jar:/System/Library/Frameworks/JavaVM.framework/Versions/1.6.0/Classes/ui.jar:/System/Library/Frameworks/JavaVM.framework/Versions/1.6.0/Classes/laf.jar:/System/Library/Frameworks/JavaVM.framework/Versions/1.6.0/Classes/sunrsasign.jar:/System/Library/Frameworks/JavaVM.framework/Versions/1.6.0/Classes/jsse.jar:/System/Library/Frameworks/JavaVM.framework/Versions/1.6.0/Classes/jce.jar:/System/Library/Frameworks/JavaVM.framework/Versions/1.6.0/Classes/charsets.jar"/>
    <property name="java.vendor" value="Apple Inc."/>
    <property name="localRepository" value="/Users/philsmart/.m2/repository"/>
    <property name="file.separator" value="/"/>
    <property name="java.vendor.url.bug" value="http://bugreport.apple.com/"/>
    <property name="sun.cpu.endian" value="little"/>
    <property name="sun.io.unicode.encoding" value="UnicodeLittle"/>
    <property name="mrj.version" value="1060.1.6.0_17-248"/>
    <property name="socksNonProxyHosts" value="local|*.local|169.254/16|*.169.254/16"/>
    <property name="ftp.nonProxyHosts" value="local|*.local|169.254/16|*.169.254/16"/>
    <property name="sun.cpu.isalist" value=""/>
  </properties>
  <testcase time="0.002" classname="main.uk.ac.cf.wsinterface.WSInterfaceTest" name="testVersion"/>
</testsuite>