<?xml version="1.0" encoding="UTF-8"?>
<!-- Generated by org.testng.reporters.JUnitReportReporter -->
<testsuite hostname="ipower.insrv.cf.ac.uk" name="uk.ac.cardiff.raptormua.engine.statistics.processor.SamlMetadataNameFormatterTest" tests="1" failures="0" timestamp="5 Dec 2011 18:41:47 GMT" time="6.768" errors="0">
  <testcase name="instantiateSamlMetadataTest" time="6.768" classname="uk.ac.cardiff.raptormua.engine.statistics.processor.SamlMetadataNameFormatterTest"/>
</testsuite>
